find_header: checking for sqlite3.h... -------------------- yes

"clang -o conftest -I/Users/celsomartins/.rbenv/versions/1.9.3-p551/include/ruby-1.9.1/x86_64-darwin14.3.0 -I/Users/celsomartins/.rbenv/versions/1.9.3-p551/include/ruby-1.9.1/ruby/backward -I/Users/celsomartins/.rbenv/versions/1.9.3-p551/include/ruby-1.9.1 -I. -I/Users/celsomartins/.rbenv/versions/1.9.3-p551/include  -D_XOPEN_SOURCE -D_DARWIN_C_SOURCE  -I/Users/celsomartins/.rbenv/versions/1.9.3-p551/include   -O3 -Wno-error=shorten-64-to-32  -pipe conftest.c  -L. -L/Users/celsomartins/.rbenv/versions/1.9.3-p551/lib -L. -L/Users/celsomartins/.rbenv/versions/1.9.3-p551/lib      -lruby-static  -lpthread -ldl -lobjc "
checked program was:
/* begin */
1: #include "ruby.h"
2: 
3: int main(int argc, char **argv)
4: {
5:   return 0;
6: }
/* end */

"clang -E -I/Users/celsomartins/.rbenv/versions/1.9.3-p551/include/ruby-1.9.1/x86_64-darwin14.3.0 -I/Users/celsomartins/.rbenv/versions/1.9.3-p551/include/ruby-1.9.1/ruby/backward -I/Users/celsomartins/.rbenv/versions/1.9.3-p551/include/ruby-1.9.1 -I. -I/Users/celsomartins/.rbenv/versions/1.9.3-p551/include  -D_XOPEN_SOURCE -D_DARWIN_C_SOURCE  -I/Users/celsomartins/.rbenv/versions/1.9.3-p551/include   -O3 -Wno-error=shorten-64-to-32  -pipe  conftest.c -o conftest.i"
checked program was:
/* begin */
1: #include "ruby.h"
2: 
3: #include <sqlite3.h>
/* end */

--------------------

find_library: checking for sqlite3_libversion_number() in -lsqlite3... -------------------- yes

"clang -o conftest -I/Users/celsomartins/.rbenv/versions/1.9.3-p551/include/ruby-1.9.1/x86_64-darwin14.3.0 -I/Users/celsomartins/.rbenv/versions/1.9.3-p551/include/ruby-1.9.1/ruby/backward -I/Users/celsomartins/.rbenv/versions/1.9.3-p551/include/ruby-1.9.1 -I. -I/Users/celsomartins/.rbenv/versions/1.9.3-p551/include  -D_XOPEN_SOURCE -D_DARWIN_C_SOURCE  -I/Users/celsomartins/.rbenv/versions/1.9.3-p551/include   -O3 -Wno-error=shorten-64-to-32  -pipe conftest.c  -L. -L/Users/celsomartins/.rbenv/versions/1.9.3-p551/lib -L. -L/Users/celsomartins/.rbenv/versions/1.9.3-p551/lib      -lruby-static -lsqlite3  -lpthread -ldl -lobjc "
conftest.c:4:53: error: use of undeclared identifier 'sqlite3_libversion_number'
int t() { void ((*volatile p)()); p = (void ((*)()))sqlite3_libversion_number; return 0; }
                                                    ^
1 error generated.
checked program was:
/* begin */
 1: #include "ruby.h"
 2: 
 3: /*top*/
 4: int t() { void ((*volatile p)()); p = (void ((*)()))sqlite3_libversion_number; return 0; }
 5: int main(int argc, char **argv)
 6: {
 7:   if (argc > 1000000) {
 8:     printf("%p", &t);
 9:   }
10: 
11:   return 0;
12: }
/* end */

"clang -o conftest -I/Users/celsomartins/.rbenv/versions/1.9.3-p551/include/ruby-1.9.1/x86_64-darwin14.3.0 -I/Users/celsomartins/.rbenv/versions/1.9.3-p551/include/ruby-1.9.1/ruby/backward -I/Users/celsomartins/.rbenv/versions/1.9.3-p551/include/ruby-1.9.1 -I. -I/Users/celsomartins/.rbenv/versions/1.9.3-p551/include  -D_XOPEN_SOURCE -D_DARWIN_C_SOURCE  -I/Users/celsomartins/.rbenv/versions/1.9.3-p551/include   -O3 -Wno-error=shorten-64-to-32  -pipe conftest.c  -L. -L/Users/celsomartins/.rbenv/versions/1.9.3-p551/lib -L. -L/Users/celsomartins/.rbenv/versions/1.9.3-p551/lib      -lruby-static -lsqlite3  -lpthread -ldl -lobjc "
conftest.c:4:11: warning: implicit declaration of function 'sqlite3_libversion_number' is invalid in C99 [-Wimplicit-function-declaration]
int t() { sqlite3_libversion_number(); return 0; }
          ^
1 warning generated.
checked program was:
/* begin */
 1: #include "ruby.h"
 2: 
 3: /*top*/
 4: int t() { sqlite3_libversion_number(); return 0; }
 5: int main(int argc, char **argv)
 6: {
 7:   if (argc > 1000000) {
 8:     printf("%p", &t);
 9:   }
10: 
11:   return 0;
12: }
/* end */

--------------------

have_func: checking for rb_proc_arity()... -------------------- yes

"clang -o conftest -I/Users/celsomartins/.rbenv/versions/1.9.3-p551/include/ruby-1.9.1/x86_64-darwin14.3.0 -I/Users/celsomartins/.rbenv/versions/1.9.3-p551/include/ruby-1.9.1/ruby/backward -I/Users/celsomartins/.rbenv/versions/1.9.3-p551/include/ruby-1.9.1 -I. -I/Users/celsomartins/.rbenv/versions/1.9.3-p551/include  -D_XOPEN_SOURCE -D_DARWIN_C_SOURCE  -I/Users/celsomartins/.rbenv/versions/1.9.3-p551/include   -O3 -Wno-error=shorten-64-to-32  -pipe conftest.c  -L. -L/Users/celsomartins/.rbenv/versions/1.9.3-p551/lib -L. -L/Users/celsomartins/.rbenv/versions/1.9.3-p551/lib     -lsqlite3  -lruby-static -lsqlite3  -lpthread -ldl -lobjc "
checked program was:
/* begin */
 1: #include "ruby.h"
 2: 
 3: /*top*/
 4: int t() { void ((*volatile p)()); p = (void ((*)()))rb_proc_arity; return 0; }
 5: int main(int argc, char **argv)
 6: {
 7:   if (argc > 1000000) {
 8:     printf("%p", &t);
 9:   }
10: 
11:   return 0;
12: }
/* end */

--------------------

have_func: checking for rb_integer_pack()... -------------------- no

"clang -o conftest -I/Users/celsomartins/.rbenv/versions/1.9.3-p551/include/ruby-1.9.1/x86_64-darwin14.3.0 -I/Users/celsomartins/.rbenv/versions/1.9.3-p551/include/ruby-1.9.1/ruby/backward -I/Users/celsomartins/.rbenv/versions/1.9.3-p551/include/ruby-1.9.1 -I. -I/Users/celsomartins/.rbenv/versions/1.9.3-p551/include  -D_XOPEN_SOURCE -D_DARWIN_C_SOURCE  -I/Users/celsomartins/.rbenv/versions/1.9.3-p551/include   -O3 -Wno-error=shorten-64-to-32  -pipe conftest.c  -L. -L/Users/celsomartins/.rbenv/versions/1.9.3-p551/lib -L. -L/Users/celsomartins/.rbenv/versions/1.9.3-p551/lib     -lsqlite3  -lruby-static -lsqlite3  -lpthread -ldl -lobjc "
conftest.c:4:53: error: use of undeclared identifier 'rb_integer_pack'
int t() { void ((*volatile p)()); p = (void ((*)()))rb_integer_pack; return 0; }
                                                    ^
1 error generated.
checked program was:
/* begin */
 1: #include "ruby.h"
 2: 
 3: /*top*/
 4: int t() { void ((*volatile p)()); p = (void ((*)()))rb_integer_pack; return 0; }
 5: int main(int argc, char **argv)
 6: {
 7:   if (argc > 1000000) {
 8:     printf("%p", &t);
 9:   }
10: 
11:   return 0;
12: }
/* end */

"clang -o conftest -I/Users/celsomartins/.rbenv/versions/1.9.3-p551/include/ruby-1.9.1/x86_64-darwin14.3.0 -I/Users/celsomartins/.rbenv/versions/1.9.3-p551/include/ruby-1.9.1/ruby/backward -I/Users/celsomartins/.rbenv/versions/1.9.3-p551/include/ruby-1.9.1 -I. -I/Users/celsomartins/.rbenv/versions/1.9.3-p551/include  -D_XOPEN_SOURCE -D_DARWIN_C_SOURCE  -I/Users/celsomartins/.rbenv/versions/1.9.3-p551/include   -O3 -Wno-error=shorten-64-to-32  -pipe conftest.c  -L. -L/Users/celsomartins/.rbenv/versions/1.9.3-p551/lib -L. -L/Users/celsomartins/.rbenv/versions/1.9.3-p551/lib     -lsqlite3  -lruby-static -lsqlite3  -lpthread -ldl -lobjc "
conftest.c:4:11: warning: implicit declaration of function 'rb_integer_pack' is invalid in C99 [-Wimplicit-function-declaration]
int t() { rb_integer_pack(); return 0; }
          ^
1 warning generated.
Undefined symbols for architecture x86_64:
  "_rb_integer_pack", referenced from:
      _t in conftest-3873cd.o
ld: symbol(s) not found for architecture x86_64
clang: error: linker command failed with exit code 1 (use -v to see invocation)
checked program was:
/* begin */
 1: #include "ruby.h"
 2: 
 3: /*top*/
 4: int t() { rb_integer_pack(); return 0; }
 5: int main(int argc, char **argv)
 6: {
 7:   if (argc > 1000000) {
 8:     printf("%p", &t);
 9:   }
10: 
11:   return 0;
12: }
/* end */

--------------------

have_func: checking for sqlite3_initialize()... -------------------- yes

"clang -o conftest -I/Users/celsomartins/.rbenv/versions/1.9.3-p551/include/ruby-1.9.1/x86_64-darwin14.3.0 -I/Users/celsomartins/.rbenv/versions/1.9.3-p551/include/ruby-1.9.1/ruby/backward -I/Users/celsomartins/.rbenv/versions/1.9.3-p551/include/ruby-1.9.1 -I. -I/Users/celsomartins/.rbenv/versions/1.9.3-p551/include  -D_XOPEN_SOURCE -D_DARWIN_C_SOURCE  -I/Users/celsomartins/.rbenv/versions/1.9.3-p551/include   -O3 -Wno-error=shorten-64-to-32  -pipe conftest.c  -L. -L/Users/celsomartins/.rbenv/versions/1.9.3-p551/lib -L. -L/Users/celsomartins/.rbenv/versions/1.9.3-p551/lib     -lsqlite3  -lruby-static -lsqlite3  -lpthread -ldl -lobjc "
conftest.c:4:53: error: use of undeclared identifier 'sqlite3_initialize'
int t() { void ((*volatile p)()); p = (void ((*)()))sqlite3_initialize; return 0; }
                                                    ^
1 error generated.
checked program was:
/* begin */
 1: #include "ruby.h"
 2: 
 3: /*top*/
 4: int t() { void ((*volatile p)()); p = (void ((*)()))sqlite3_initialize; return 0; }
 5: int main(int argc, char **argv)
 6: {
 7:   if (argc > 1000000) {
 8:     printf("%p", &t);
 9:   }
10: 
11:   return 0;
12: }
/* end */

"clang -o conftest -I/Users/celsomartins/.rbenv/versions/1.9.3-p551/include/ruby-1.9.1/x86_64-darwin14.3.0 -I/Users/celsomartins/.rbenv/versions/1.9.3-p551/include/ruby-1.9.1/ruby/backward -I/Users/celsomartins/.rbenv/versions/1.9.3-p551/include/ruby-1.9.1 -I. -I/Users/celsomartins/.rbenv/versions/1.9.3-p551/include  -D_XOPEN_SOURCE -D_DARWIN_C_SOURCE  -I/Users/celsomartins/.rbenv/versions/1.9.3-p551/include   -O3 -Wno-error=shorten-64-to-32  -pipe conftest.c  -L. -L/Users/celsomartins/.rbenv/versions/1.9.3-p551/lib -L. -L/Users/celsomartins/.rbenv/versions/1.9.3-p551/lib     -lsqlite3  -lruby-static -lsqlite3  -lpthread -ldl -lobjc "
conftest.c:4:11: warning: implicit declaration of function 'sqlite3_initialize' is invalid in C99 [-Wimplicit-function-declaration]
int t() { sqlite3_initialize(); return 0; }
          ^
1 warning generated.
checked program was:
/* begin */
 1: #include "ruby.h"
 2: 
 3: /*top*/
 4: int t() { sqlite3_initialize(); return 0; }
 5: int main(int argc, char **argv)
 6: {
 7:   if (argc > 1000000) {
 8:     printf("%p", &t);
 9:   }
10: 
11:   return 0;
12: }
/* end */

--------------------

have_func: checking for sqlite3_backup_init()... -------------------- yes

"clang -o conftest -I/Users/celsomartins/.rbenv/versions/1.9.3-p551/include/ruby-1.9.1/x86_64-darwin14.3.0 -I/Users/celsomartins/.rbenv/versions/1.9.3-p551/include/ruby-1.9.1/ruby/backward -I/Users/celsomartins/.rbenv/versions/1.9.3-p551/include/ruby-1.9.1 -I. -I/Users/celsomartins/.rbenv/versions/1.9.3-p551/include  -D_XOPEN_SOURCE -D_DARWIN_C_SOURCE  -I/Users/celsomartins/.rbenv/versions/1.9.3-p551/include   -O3 -Wno-error=shorten-64-to-32  -pipe conftest.c  -L. -L/Users/celsomartins/.rbenv/versions/1.9.3-p551/lib -L. -L/Users/celsomartins/.rbenv/versions/1.9.3-p551/lib     -lsqlite3  -lruby-static -lsqlite3  -lpthread -ldl -lobjc "
conftest.c:4:53: error: use of undeclared identifier 'sqlite3_backup_init'
int t() { void ((*volatile p)()); p = (void ((*)()))sqlite3_backup_init; return 0; }
                                                    ^
1 error generated.
checked program was:
/* begin */
 1: #include "ruby.h"
 2: 
 3: /*top*/
 4: int t() { void ((*volatile p)()); p = (void ((*)()))sqlite3_backup_init; return 0; }
 5: int main(int argc, char **argv)
 6: {
 7:   if (argc > 1000000) {
 8:     printf("%p", &t);
 9:   }
10: 
11:   return 0;
12: }
/* end */

"clang -o conftest -I/Users/celsomartins/.rbenv/versions/1.9.3-p551/include/ruby-1.9.1/x86_64-darwin14.3.0 -I/Users/celsomartins/.rbenv/versions/1.9.3-p551/include/ruby-1.9.1/ruby/backward -I/Users/celsomartins/.rbenv/versions/1.9.3-p551/include/ruby-1.9.1 -I. -I/Users/celsomartins/.rbenv/versions/1.9.3-p551/include  -D_XOPEN_SOURCE -D_DARWIN_C_SOURCE  -I/Users/celsomartins/.rbenv/versions/1.9.3-p551/include   -O3 -Wno-error=shorten-64-to-32  -pipe conftest.c  -L. -L/Users/celsomartins/.rbenv/versions/1.9.3-p551/lib -L. -L/Users/celsomartins/.rbenv/versions/1.9.3-p551/lib     -lsqlite3  -lruby-static -lsqlite3  -lpthread -ldl -lobjc "
conftest.c:4:11: warning: implicit declaration of function 'sqlite3_backup_init' is invalid in C99 [-Wimplicit-function-declaration]
int t() { sqlite3_backup_init(); return 0; }
          ^
1 warning generated.
checked program was:
/* begin */
 1: #include "ruby.h"
 2: 
 3: /*top*/
 4: int t() { sqlite3_backup_init(); return 0; }
 5: int main(int argc, char **argv)
 6: {
 7:   if (argc > 1000000) {
 8:     printf("%p", &t);
 9:   }
10: 
11:   return 0;
12: }
/* end */

--------------------

have_func: checking for sqlite3_column_database_name()... -------------------- no

"clang -o conftest -I/Users/celsomartins/.rbenv/versions/1.9.3-p551/include/ruby-1.9.1/x86_64-darwin14.3.0 -I/Users/celsomartins/.rbenv/versions/1.9.3-p551/include/ruby-1.9.1/ruby/backward -I/Users/celsomartins/.rbenv/versions/1.9.3-p551/include/ruby-1.9.1 -I. -I/Users/celsomartins/.rbenv/versions/1.9.3-p551/include  -D_XOPEN_SOURCE -D_DARWIN_C_SOURCE  -I/Users/celsomartins/.rbenv/versions/1.9.3-p551/include   -O3 -Wno-error=shorten-64-to-32  -pipe conftest.c  -L. -L/Users/celsomartins/.rbenv/versions/1.9.3-p551/lib -L. -L/Users/celsomartins/.rbenv/versions/1.9.3-p551/lib     -lsqlite3  -lruby-static -lsqlite3  -lpthread -ldl -lobjc "
conftest.c:4:53: error: use of undeclared identifier 'sqlite3_column_database_name'
int t() { void ((*volatile p)()); p = (void ((*)()))sqlite3_column_database_name; return 0; }
                                                    ^
1 error generated.
checked program was:
/* begin */
 1: #include "ruby.h"
 2: 
 3: /*top*/
 4: int t() { void ((*volatile p)()); p = (void ((*)()))sqlite3_column_database_name; return 0; }
 5: int main(int argc, char **argv)
 6: {
 7:   if (argc > 1000000) {
 8:     printf("%p", &t);
 9:   }
10: 
11:   return 0;
12: }
/* end */

"clang -o conftest -I/Users/celsomartins/.rbenv/versions/1.9.3-p551/include/ruby-1.9.1/x86_64-darwin14.3.0 -I/Users/celsomartins/.rbenv/versions/1.9.3-p551/include/ruby-1.9.1/ruby/backward -I/Users/celsomartins/.rbenv/versions/1.9.3-p551/include/ruby-1.9.1 -I. -I/Users/celsomartins/.rbenv/versions/1.9.3-p551/include  -D_XOPEN_SOURCE -D_DARWIN_C_SOURCE  -I/Users/celsomartins/.rbenv/versions/1.9.3-p551/include   -O3 -Wno-error=shorten-64-to-32  -pipe conftest.c  -L. -L/Users/celsomartins/.rbenv/versions/1.9.3-p551/lib -L. -L/Users/celsomartins/.rbenv/versions/1.9.3-p551/lib     -lsqlite3  -lruby-static -lsqlite3  -lpthread -ldl -lobjc "
conftest.c:4:11: warning: implicit declaration of function 'sqlite3_column_database_name' is invalid in C99 [-Wimplicit-function-declaration]
int t() { sqlite3_column_database_name(); return 0; }
          ^
1 warning generated.
Undefined symbols for architecture x86_64:
  "_sqlite3_column_database_name", referenced from:
      _t in conftest-f23c74.o
ld: symbol(s) not found for architecture x86_64
clang: error: linker command failed with exit code 1 (use -v to see invocation)
checked program was:
/* begin */
 1: #include "ruby.h"
 2: 
 3: /*top*/
 4: int t() { sqlite3_column_database_name(); return 0; }
 5: int main(int argc, char **argv)
 6: {
 7:   if (argc > 1000000) {
 8:     printf("%p", &t);
 9:   }
10: 
11:   return 0;
12: }
/* end */

--------------------

have_func: checking for sqlite3_enable_load_extension()... -------------------- no

"clang -o conftest -I/Users/celsomartins/.rbenv/versions/1.9.3-p551/include/ruby-1.9.1/x86_64-darwin14.3.0 -I/Users/celsomartins/.rbenv/versions/1.9.3-p551/include/ruby-1.9.1/ruby/backward -I/Users/celsomartins/.rbenv/versions/1.9.3-p551/include/ruby-1.9.1 -I. -I/Users/celsomartins/.rbenv/versions/1.9.3-p551/include  -D_XOPEN_SOURCE -D_DARWIN_C_SOURCE  -I/Users/celsomartins/.rbenv/versions/1.9.3-p551/include   -O3 -Wno-error=shorten-64-to-32  -pipe conftest.c  -L. -L/Users/celsomartins/.rbenv/versions/1.9.3-p551/lib -L. -L/Users/celsomartins/.rbenv/versions/1.9.3-p551/lib     -lsqlite3  -lruby-static -lsqlite3  -lpthread -ldl -lobjc "
conftest.c:4:53: error: use of undeclared identifier 'sqlite3_enable_load_extension'
int t() { void ((*volatile p)()); p = (void ((*)()))sqlite3_enable_load_extension; return 0; }
                                                    ^
1 error generated.
checked program was:
/* begin */
 1: #include "ruby.h"
 2: 
 3: /*top*/
 4: int t() { void ((*volatile p)()); p = (void ((*)()))sqlite3_enable_load_extension; return 0; }
 5: int main(int argc, char **argv)
 6: {
 7:   if (argc > 1000000) {
 8:     printf("%p", &t);
 9:   }
10: 
11:   return 0;
12: }
/* end */

"clang -o conftest -I/Users/celsomartins/.rbenv/versions/1.9.3-p551/include/ruby-1.9.1/x86_64-darwin14.3.0 -I/Users/celsomartins/.rbenv/versions/1.9.3-p551/include/ruby-1.9.1/ruby/backward -I/Users/celsomartins/.rbenv/versions/1.9.3-p551/include/ruby-1.9.1 -I. -I/Users/celsomartins/.rbenv/versions/1.9.3-p551/include  -D_XOPEN_SOURCE -D_DARWIN_C_SOURCE  -I/Users/celsomartins/.rbenv/versions/1.9.3-p551/include   -O3 -Wno-error=shorten-64-to-32  -pipe conftest.c  -L. -L/Users/celsomartins/.rbenv/versions/1.9.3-p551/lib -L. -L/Users/celsomartins/.rbenv/versions/1.9.3-p551/lib     -lsqlite3  -lruby-static -lsqlite3  -lpthread -ldl -lobjc "
conftest.c:4:11: warning: implicit declaration of function 'sqlite3_enable_load_extension' is invalid in C99 [-Wimplicit-function-declaration]
int t() { sqlite3_enable_load_extension(); return 0; }
          ^
1 warning generated.
Undefined symbols for architecture x86_64:
  "_sqlite3_enable_load_extension", referenced from:
      _t in conftest-b90037.o
ld: symbol(s) not found for architecture x86_64
clang: error: linker command failed with exit code 1 (use -v to see invocation)
checked program was:
/* begin */
 1: #include "ruby.h"
 2: 
 3: /*top*/
 4: int t() { sqlite3_enable_load_extension(); return 0; }
 5: int main(int argc, char **argv)
 6: {
 7:   if (argc > 1000000) {
 8:     printf("%p", &t);
 9:   }
10: 
11:   return 0;
12: }
/* end */

--------------------

have_func: checking for sqlite3_load_extension()... -------------------- no

"clang -o conftest -I/Users/celsomartins/.rbenv/versions/1.9.3-p551/include/ruby-1.9.1/x86_64-darwin14.3.0 -I/Users/celsomartins/.rbenv/versions/1.9.3-p551/include/ruby-1.9.1/ruby/backward -I/Users/celsomartins/.rbenv/versions/1.9.3-p551/include/ruby-1.9.1 -I. -I/Users/celsomartins/.rbenv/versions/1.9.3-p551/include  -D_XOPEN_SOURCE -D_DARWIN_C_SOURCE  -I/Users/celsomartins/.rbenv/versions/1.9.3-p551/include   -O3 -Wno-error=shorten-64-to-32  -pipe conftest.c  -L. -L/Users/celsomartins/.rbenv/versions/1.9.3-p551/lib -L. -L/Users/celsomartins/.rbenv/versions/1.9.3-p551/lib     -lsqlite3  -lruby-static -lsqlite3  -lpthread -ldl -lobjc "
conftest.c:4:53: error: use of undeclared identifier 'sqlite3_load_extension'
int t() { void ((*volatile p)()); p = (void ((*)()))sqlite3_load_extension; return 0; }
                                                    ^
1 error generated.
checked program was:
/* begin */
 1: #include "ruby.h"
 2: 
 3: /*top*/
 4: int t() { void ((*volatile p)()); p = (void ((*)()))sqlite3_load_extension; return 0; }
 5: int main(int argc, char **argv)
 6: {
 7:   if (argc > 1000000) {
 8:     printf("%p", &t);
 9:   }
10: 
11:   return 0;
12: }
/* end */

"clang -o conftest -I/Users/celsomartins/.rbenv/versions/1.9.3-p551/include/ruby-1.9.1/x86_64-darwin14.3.0 -I/Users/celsomartins/.rbenv/versions/1.9.3-p551/include/ruby-1.9.1/ruby/backward -I/Users/celsomartins/.rbenv/versions/1.9.3-p551/include/ruby-1.9.1 -I. -I/Users/celsomartins/.rbenv/versions/1.9.3-p551/include  -D_XOPEN_SOURCE -D_DARWIN_C_SOURCE  -I/Users/celsomartins/.rbenv/versions/1.9.3-p551/include   -O3 -Wno-error=shorten-64-to-32  -pipe conftest.c  -L. -L/Users/celsomartins/.rbenv/versions/1.9.3-p551/lib -L. -L/Users/celsomartins/.rbenv/versions/1.9.3-p551/lib     -lsqlite3  -lruby-static -lsqlite3  -lpthread -ldl -lobjc "
conftest.c:4:11: warning: implicit declaration of function 'sqlite3_load_extension' is invalid in C99 [-Wimplicit-function-declaration]
int t() { sqlite3_load_extension(); return 0; }
          ^
1 warning generated.
Undefined symbols for architecture x86_64:
  "_sqlite3_load_extension", referenced from:
      _t in conftest-22b62e.o
ld: symbol(s) not found for architecture x86_64
clang: error: linker command failed with exit code 1 (use -v to see invocation)
checked program was:
/* begin */
 1: #include "ruby.h"
 2: 
 3: /*top*/
 4: int t() { sqlite3_load_extension(); return 0; }
 5: int main(int argc, char **argv)
 6: {
 7:   if (argc > 1000000) {
 8:     printf("%p", &t);
 9:   }
10: 
11:   return 0;
12: }
/* end */

--------------------

have_func: checking for sqlite3_open_v2()... -------------------- yes

"clang -o conftest -I/Users/celsomartins/.rbenv/versions/1.9.3-p551/include/ruby-1.9.1/x86_64-darwin14.3.0 -I/Users/celsomartins/.rbenv/versions/1.9.3-p551/include/ruby-1.9.1/ruby/backward -I/Users/celsomartins/.rbenv/versions/1.9.3-p551/include/ruby-1.9.1 -I. -I/Users/celsomartins/.rbenv/versions/1.9.3-p551/include  -D_XOPEN_SOURCE -D_DARWIN_C_SOURCE  -I/Users/celsomartins/.rbenv/versions/1.9.3-p551/include   -O3 -Wno-error=shorten-64-to-32  -pipe conftest.c  -L. -L/Users/celsomartins/.rbenv/versions/1.9.3-p551/lib -L. -L/Users/celsomartins/.rbenv/versions/1.9.3-p551/lib     -lsqlite3  -lruby-static -lsqlite3  -lpthread -ldl -lobjc "
conftest.c:4:53: error: use of undeclared identifier 'sqlite3_open_v2'
int t() { void ((*volatile p)()); p = (void ((*)()))sqlite3_open_v2; return 0; }
                                                    ^
1 error generated.
checked program was:
/* begin */
 1: #include "ruby.h"
 2: 
 3: /*top*/
 4: int t() { void ((*volatile p)()); p = (void ((*)()))sqlite3_open_v2; return 0; }
 5: int main(int argc, char **argv)
 6: {
 7:   if (argc > 1000000) {
 8:     printf("%p", &t);
 9:   }
10: 
11:   return 0;
12: }
/* end */

"clang -o conftest -I/Users/celsomartins/.rbenv/versions/1.9.3-p551/include/ruby-1.9.1/x86_64-darwin14.3.0 -I/Users/celsomartins/.rbenv/versions/1.9.3-p551/include/ruby-1.9.1/ruby/backward -I/Users/celsomartins/.rbenv/versions/1.9.3-p551/include/ruby-1.9.1 -I. -I/Users/celsomartins/.rbenv/versions/1.9.3-p551/include  -D_XOPEN_SOURCE -D_DARWIN_C_SOURCE  -I/Users/celsomartins/.rbenv/versions/1.9.3-p551/include   -O3 -Wno-error=shorten-64-to-32  -pipe conftest.c  -L. -L/Users/celsomartins/.rbenv/versions/1.9.3-p551/lib -L. -L/Users/celsomartins/.rbenv/versions/1.9.3-p551/lib     -lsqlite3  -lruby-static -lsqlite3  -lpthread -ldl -lobjc "
conftest.c:4:11: warning: implicit declaration of function 'sqlite3_open_v2' is invalid in C99 [-Wimplicit-function-declaration]
int t() { sqlite3_open_v2(); return 0; }
          ^
1 warning generated.
checked program was:
/* begin */
 1: #include "ruby.h"
 2: 
 3: /*top*/
 4: int t() { sqlite3_open_v2(); return 0; }
 5: int main(int argc, char **argv)
 6: {
 7:   if (argc > 1000000) {
 8:     printf("%p", &t);
 9:   }
10: 
11:   return 0;
12: }
/* end */

--------------------

have_func: checking for sqlite3_prepare_v2()... -------------------- yes

"clang -o conftest -I/Users/celsomartins/.rbenv/versions/1.9.3-p551/include/ruby-1.9.1/x86_64-darwin14.3.0 -I/Users/celsomartins/.rbenv/versions/1.9.3-p551/include/ruby-1.9.1/ruby/backward -I/Users/celsomartins/.rbenv/versions/1.9.3-p551/include/ruby-1.9.1 -I. -I/Users/celsomartins/.rbenv/versions/1.9.3-p551/include  -D_XOPEN_SOURCE -D_DARWIN_C_SOURCE  -I/Users/celsomartins/.rbenv/versions/1.9.3-p551/include   -O3 -Wno-error=shorten-64-to-32  -pipe conftest.c  -L. -L/Users/celsomartins/.rbenv/versions/1.9.3-p551/lib -L. -L/Users/celsomartins/.rbenv/versions/1.9.3-p551/lib     -lsqlite3  -lruby-static -lsqlite3  -lpthread -ldl -lobjc "
conftest.c:4:53: error: use of undeclared identifier 'sqlite3_prepare_v2'
int t() { void ((*volatile p)()); p = (void ((*)()))sqlite3_prepare_v2; return 0; }
                                                    ^
1 error generated.
checked program was:
/* begin */
 1: #include "ruby.h"
 2: 
 3: /*top*/
 4: int t() { void ((*volatile p)()); p = (void ((*)()))sqlite3_prepare_v2; return 0; }
 5: int main(int argc, char **argv)
 6: {
 7:   if (argc > 1000000) {
 8:     printf("%p", &t);
 9:   }
10: 
11:   return 0;
12: }
/* end */

"clang -o conftest -I/Users/celsomartins/.rbenv/versions/1.9.3-p551/include/ruby-1.9.1/x86_64-darwin14.3.0 -I/Users/celsomartins/.rbenv/versions/1.9.3-p551/include/ruby-1.9.1/ruby/backward -I/Users/celsomartins/.rbenv/versions/1.9.3-p551/include/ruby-1.9.1 -I. -I/Users/celsomartins/.rbenv/versions/1.9.3-p551/include  -D_XOPEN_SOURCE -D_DARWIN_C_SOURCE  -I/Users/celsomartins/.rbenv/versions/1.9.3-p551/include   -O3 -Wno-error=shorten-64-to-32  -pipe conftest.c  -L. -L/Users/celsomartins/.rbenv/versions/1.9.3-p551/lib -L. -L/Users/celsomartins/.rbenv/versions/1.9.3-p551/lib     -lsqlite3  -lruby-static -lsqlite3  -lpthread -ldl -lobjc "
conftest.c:4:11: warning: implicit declaration of function 'sqlite3_prepare_v2' is invalid in C99 [-Wimplicit-function-declaration]
int t() { sqlite3_prepare_v2(); return 0; }
          ^
1 warning generated.
checked program was:
/* begin */
 1: #include "ruby.h"
 2: 
 3: /*top*/
 4: int t() { sqlite3_prepare_v2(); return 0; }
 5: int main(int argc, char **argv)
 6: {
 7:   if (argc > 1000000) {
 8:     printf("%p", &t);
 9:   }
10: 
11:   return 0;
12: }
/* end */

--------------------

have_type: checking for sqlite3_int64 in sqlite3.h... -------------------- yes

"clang -I/Users/celsomartins/.rbenv/versions/1.9.3-p551/include/ruby-1.9.1/x86_64-darwin14.3.0 -I/Users/celsomartins/.rbenv/versions/1.9.3-p551/include/ruby-1.9.1/ruby/backward -I/Users/celsomartins/.rbenv/versions/1.9.3-p551/include/ruby-1.9.1 -I. -I/Users/celsomartins/.rbenv/versions/1.9.3-p551/include  -D_XOPEN_SOURCE -D_DARWIN_C_SOURCE  -I/Users/celsomartins/.rbenv/versions/1.9.3-p551/include   -O3 -Wno-error=shorten-64-to-32  -pipe   -c conftest.c"
checked program was:
/* begin */
1: #include "ruby.h"
2: 
3: #include <sqlite3.h>
4: 
5: /*top*/
6: typedef sqlite3_int64 conftest_type;
7: int conftestval[sizeof(conftest_type)?1:-1];
/* end */

--------------------

have_type: checking for sqlite3_uint64 in sqlite3.h... -------------------- yes

"clang -I/Users/celsomartins/.rbenv/versions/1.9.3-p551/include/ruby-1.9.1/x86_64-darwin14.3.0 -I/Users/celsomartins/.rbenv/versions/1.9.3-p551/include/ruby-1.9.1/ruby/backward -I/Users/celsomartins/.rbenv/versions/1.9.3-p551/include/ruby-1.9.1 -I. -I/Users/celsomartins/.rbenv/versions/1.9.3-p551/include  -D_XOPEN_SOURCE -D_DARWIN_C_SOURCE  -I/Users/celsomartins/.rbenv/versions/1.9.3-p551/include   -O3 -Wno-error=shorten-64-to-32  -pipe   -c conftest.c"
checked program was:
/* begin */
1: #include "ruby.h"
2: 
3: #include <sqlite3.h>
4: 
5: /*top*/
6: typedef sqlite3_uint64 conftest_type;
7: int conftestval[sizeof(conftest_type)?1:-1];
/* end */

--------------------

